2018-03-06 at 15:39:26 CST INFO  cnpp.Framework.DriverUtils - Get system properties: cnpp.uitest.browser = firefox
2018-03-06 at 15:39:26 CST INFO  cnpp.Framework.DriverUtils - Driver started
2018-03-06 at 15:39:45 CST INFO  cnpp.PageObjects.HomePageObject - Click language button
2018-03-06 at 15:39:55 CST INFO  cnpp.PageObjects.HomePageObject - Select EN
2018-03-06 at 15:40:00 CST INFO  cnpp.PageObjects.HomePageObject - Input product name
2018-03-06 at 15:40:13 CST INFO  cnpp.PageObjects.ProductPageObject_TShirt - Click WRITER A REVIEW button
2018-03-06 at 15:40:18 CST INFO  cnpp.Framework.DriverUtils - Driver service stopped
2018-03-06 at 15:43:11 CST ERROR cnpp.TestCases.test.LogDemo - Hello world.
2018-03-06 at 15:47:13 CST ERROR cnpp.TestCases.test.LogDemo - Hello world.
2018-03-06 at 15:49:29 CST ERROR cnpp.TestCases.test.LogDemo - Hello world.
2018-03-06 at 16:37:36 CST INFO  cnpp.Framework.DriverUtils - Get system properties: cnpp.uitest.browser = firefox
2018-03-06 at 16:37:36 CST INFO  cnpp.Framework.DriverUtils - Driver started
2018-03-06 at 16:37:53 CST INFO  cnpp.Framework.WrappedRemoteWebDriver - 通过id方法查找dropdown-lang元素，已找到
2018-03-06 at 16:37:53 CST INFO  cnpp.PageObjects.HomePageObject - Click language button
2018-03-06 at 16:37:58 CST INFO  cnpp.Framework.WrappedRemoteWebDriver - 通过css selector方法查找.drop-lang-list > li:nth-child(2) > a:nth-child(1) > span:nth-child(1)元素，已找到
2018-03-06 at 16:38:05 CST INFO  cnpp.PageObjects.HomePageObject - Select EN
2018-03-06 at 16:38:10 CST INFO  cnpp.Framework.WrappedRemoteWebDriver - 通过id方法查找search-autocomplete元素，已找到
2018-03-06 at 16:38:10 CST INFO  cnpp.Framework.WrappedRemoteWebDriver - 通过id方法查找search-autocomplete元素，已找到
2018-03-06 at 16:38:10 CST INFO  cnpp.PageObjects.HomePageObject - Input product name
2018-03-06 at 16:38:19 CST INFO  cnpp.Framework.WrappedRemoteWebDriver - 通过class name方法查找button-action元素，已找到
2018-03-06 at 16:38:22 CST INFO  cnpp.PageObjects.ProductPageObject_TShirt - Click WRITER A REVIEW button
2018-03-06 at 16:38:28 CST INFO  cnpp.Framework.DriverUtils - Driver service stopped
2018-03-06 at 16:40:38 CST INFO  cnpp.Framework.DriverUtils - Get system properties: cnpp.uitest.browser = firefox
2018-03-06 at 16:40:38 CST INFO  cnpp.Framework.DriverUtils - Driver started
2018-03-06 at 16:40:54 CST INFO  cnpp.Framework.WrappedRemoteWebDriver - 通过id方法查找dropdown-lang元素，已找到
2018-03-06 at 16:40:59 CST INFO  cnpp.Framework.WrappedRemoteWebDriver - 通过css selector方法查找.drop-lang-list > li:nth-child(2) > a:nth-child(1) > span:nth-child(1)元素，已找到
2018-03-06 at 16:41:11 CST INFO  cnpp.Framework.WrappedRemoteWebDriver - 通过id方法查找search-autocomplete元素，已找到
2018-03-06 at 16:41:11 CST INFO  cnpp.Framework.WrappedRemoteWebDriver - 通过id方法查找search-autocomplete元素，已找到
2018-03-06 at 16:41:20 CST INFO  cnpp.Framework.WrappedRemoteWebDriver - 通过class name方法查找button-action元素，已找到
2018-03-06 at 16:41:29 CST INFO  cnpp.Framework.DriverUtils - Driver service stopped
2018-03-06 at 16:53:32 CST INFO  cnpp.Framework.DriverUtils - Get system properties: cnpp.uitest.browser = firefox
2018-03-06 at 16:53:32 CST INFO  cnpp.Framework.DriverUtils - Driver started
2018-03-06 at 16:53:51 CST INFO  cnpp.Framework.WrappedRemoteWebDriver - Through id method find dropdown-lang element, found
2018-03-06 at 16:53:56 CST INFO  cnpp.Framework.WrappedRemoteWebDriver - Through css selector method find .drop-lang-list > li:nth-child(2) > a:nth-child(1) > span:nth-child(1) element, found
2018-03-06 at 16:54:05 CST INFO  cnpp.Framework.WrappedRemoteWebDriver - Through id method find search-autocomplete element, found
2018-03-06 at 16:54:06 CST INFO  cnpp.Framework.WrappedRemoteWebDriver - Through id method find search-autocomplete element, found
2018-03-06 at 16:54:15 CST INFO  cnpp.Framework.WrappedRemoteWebDriver - Through class name method find button-action element, found
2018-03-06 at 16:54:27 CST INFO  cnpp.Framework.DriverUtils - Driver service stopped
2018-03-06 at 17:58:08 CST INFO  cnpp.Framework.DriverUtils - Get system properties: cnpp.uitest.browser = firefox
2018-03-06 at 17:58:09 CST INFO  cnpp.Framework.DriverUtils - Driver started
2018-03-06 at 17:58:23 CST INFO  cnpp.Framework.WrappedRemoteWebDriver - Through id method find dropdown-lang element, found
2018-03-06 at 17:58:29 CST INFO  cnpp.Framework.WrappedRemoteWebDriver - Through css selector method find .drop-lang-list > li:nth-child(2) > a:nth-child(1)  span:nth-child(1) element, found
2018-03-06 at 17:58:39 CST ERROR cnpp.Framework.WrappedRemoteWebDriver - Through id method find search-autocomplete failed, reason: Failed to decode response from marionette
Build info: version: '3.8.1', revision: '6e95a6684b', time: '2017-12-01T18:33:54.468Z'
System info: host: 'YECOLNEA186', ip: '10.66.57.53', os.name: 'Windows 7', os.arch: 'amd64', os.version: '6.1', java.version: '1.8.0_141'
Driver info: cnpp.Framework.WrappedRemoteWebDriver
Capabilities {acceptInsecureCerts: true, browserName: firefox, browserVersion: 58.0, javascriptEnabled: true, moz:accessibilityChecks: false, moz:headless: false, moz:processID: 2808, moz:profile: D:\Users\WenyiLU\AppData\Lo..., moz:webdriverClick: true, pageLoadStrategy: normal, platform: XP, platformName: XP, platformVersion: 6.1, rotatable: false, timeouts: {implicit: 0, pageLoad: 300000, script: 30000}}
Session ID: 606f743e-ca4c-4501-abe1-2a457e964ffc
*** Element info: {Using=id, value=search-autocomplete}
2018-03-06 at 18:01:40 CST INFO  cnpp.Framework.DriverUtils - Get system properties: cnpp.uitest.browser = firefox
2018-03-06 at 18:01:41 CST INFO  cnpp.Framework.DriverUtils - Driver started
2018-03-06 at 18:01:55 CST INFO  cnpp.Framework.WrappedRemoteWebDriver - Through id method find dropdown-lang element, found
2018-03-06 at 18:02:00 CST INFO  cnpp.Framework.WrappedRemoteWebDriver - Through css selector method find .drop-lang-list > li:nth-child(2) > a:nth-child(1) > span:nth-child(1) element, found
2018-03-06 at 18:02:09 CST INFO  cnpp.Framework.WrappedRemoteWebDriver - Through id method find search-autocomplete element, found
2018-03-06 at 18:02:09 CST INFO  cnpp.Framework.WrappedRemoteWebDriver - Through id method find search-autocomplete element, found
2018-03-06 at 18:02:18 CST INFO  cnpp.Framework.WrappedRemoteWebDriver - Through class name method find button-action element, found
2018-03-06 at 18:02:32 CST INFO  cnpp.Framework.DriverUtils - Get system properties: cnpp.uitest.browser = firefox
2018-03-06 at 18:02:33 CST INFO  cnpp.Framework.DriverUtils - Driver started
2018-03-06 at 18:02:55 CST INFO  cnpp.Framework.WrappedRemoteWebDriver - Through id method find dropdown-lang element, found
2018-03-06 at 18:03:00 CST INFO  cnpp.Framework.WrappedRemoteWebDriver - Through css selector method find .drop-lang-list > li:nth-child(2) > a:nth-child(1) > span:nth-child(1) element, found
2018-03-06 at 18:03:13 CST INFO  cnpp.Framework.WrappedRemoteWebDriver - Through id method find search-autocomplete element, found
2018-03-06 at 18:03:13 CST INFO  cnpp.Framework.WrappedRemoteWebDriver - Through id method find search-autocomplete element, found
2018-03-06 at 18:03:24 CST ERROR cnpp.Framework.WrappedRemoteWebDriver - Through class name method find button-action failed, reason: Unable to locate element: .button\-action
For documentation on this error, please visit: http://seleniumhq.org/exceptions/no_such_element.html
Build info: version: '3.8.1', revision: '6e95a6684b', time: '2017-12-01T18:33:54.468Z'
System info: host: 'YECOLNEA186', ip: '10.66.57.53', os.name: 'Windows 7', os.arch: 'amd64', os.version: '6.1', java.version: '1.8.0_141'
Driver info: cnpp.Framework.WrappedRemoteWebDriver
Capabilities {acceptInsecureCerts: true, browserName: firefox, browserVersion: 58.0, javascriptEnabled: true, moz:accessibilityChecks: false, moz:headless: false, moz:processID: 29428, moz:profile: D:\Users\WenyiLU\AppData\Lo..., moz:webdriverClick: true, pageLoadStrategy: normal, platform: XP, platformName: XP, platformVersion: 6.1, rotatable: false, timeouts: {implicit: 0, pageLoad: 300000, script: 30000}}
Session ID: 6c66c77f-348c-48d3-a4ee-f6f996fc579b
*** Element info: {Using=class name, value=button-action}
2018-03-06 at 18:03:26 CST INFO  cnpp.Framework.DriverUtils - Driver service stopped
2018-03-07 at 15:02:35 CST INFO  cnpp.Framework.DriverUtils - Get system properties: cnpp.uitest.browser = firefox
2018-03-07 at 15:02:36 CST INFO  cnpp.Framework.DriverUtils - Driver started
2018-03-07 at 15:02:53 CST INFO  cnpp.Framework.WrappedRemoteWebDriver - Through id method find dropdown-lang element, found
2018-03-07 at 15:02:58 CST INFO  cnpp.Framework.WrappedRemoteWebDriver - Through css selector method find .drop-lang-list > li:nth-child(2) > a:nth-child(1) > span:nth-child(1) element, found
2018-03-07 at 15:03:07 CST INFO  cnpp.Framework.WrappedRemoteWebDriver - Through id method find search-autocomplete element, found
2018-03-07 at 15:03:08 CST INFO  cnpp.Framework.WrappedRemoteWebDriver - Through id method find search-autocomplete element, found
2018-03-07 at 15:03:17 CST ERROR cnpp.Framework.WrappedRemoteWebDriver - Through class name method find button-action failed, reason: Unable to locate element: .button\-action
For documentation on this error, please visit: http://seleniumhq.org/exceptions/no_such_element.html
Build info: version: '3.8.1', revision: '6e95a6684b', time: '2017-12-01T18:33:54.468Z'
System info: host: 'YECOLNEA186', ip: '10.66.57.53', os.name: 'Windows 7', os.arch: 'amd64', os.version: '6.1', java.version: '1.8.0_141'
Driver info: cnpp.Framework.WrappedRemoteWebDriver
Capabilities {acceptInsecureCerts: true, browserName: firefox, browserVersion: 58.0, javascriptEnabled: true, moz:accessibilityChecks: false, moz:headless: false, moz:processID: 21900, moz:profile: D:\Users\WenyiLU\AppData\Lo..., moz:webdriverClick: true, pageLoadStrategy: normal, platform: XP, platformName: XP, platformVersion: 6.1, rotatable: false, timeouts: {implicit: 0, pageLoad: 300000, script: 30000}}
Session ID: 13828046-2451-4033-beab-890c180d26e2
*** Element info: {Using=class name, value=button-action}
2018-03-07 at 15:03:17 CST INFO  cnpp.Framework.DriverUtils - Driver service stopped
2018-03-07 at 15:05:03 CST INFO  cnpp.Framework.DriverUtils - Get system properties: cnpp.uitest.browser = firefox
2018-03-07 at 15:05:03 CST INFO  cnpp.Framework.DriverUtils - Driver started
2018-03-07 at 15:05:08 CST ERROR cnpp.Framework.WrappedRemoteWebDriver - Through id method find search-autocomplete failed, reason: Unable to locate element: #search\-autocomplete
For documentation on this error, please visit: http://seleniumhq.org/exceptions/no_such_element.html
Build info: version: '3.8.1', revision: '6e95a6684b', time: '2017-12-01T18:33:54.468Z'
System info: host: 'YECOLNEA186', ip: '10.66.57.53', os.name: 'Windows 7', os.arch: 'amd64', os.version: '6.1', java.version: '1.8.0_141'
Driver info: cnpp.Framework.WrappedRemoteWebDriver
Capabilities {acceptInsecureCerts: true, browserName: firefox, browserVersion: 58.0, javascriptEnabled: true, moz:accessibilityChecks: false, moz:headless: false, moz:processID: 12488, moz:profile: D:\Users\WenyiLU\AppData\Lo..., moz:webdriverClick: true, pageLoadStrategy: normal, platform: XP, platformName: XP, platformVersion: 6.1, rotatable: false, timeouts: {implicit: 0, pageLoad: 300000, script: 30000}}
Session ID: f91fdb3c-e792-4866-ab34-2c6b9f9932d8
*** Element info: {Using=id, value=search-autocomplete}
2018-03-07 at 15:05:08 CST INFO  cnpp.Framework.DriverUtils - Driver service stopped
2018-03-07 at 15:06:21 CST INFO  cnpp.Framework.DriverUtils - Get system properties: cnpp.uitest.browser = firefox
2018-03-07 at 15:06:21 CST INFO  cnpp.Framework.DriverUtils - Driver started
2018-03-07 at 15:06:27 CST ERROR cnpp.Framework.WrappedRemoteWebDriver - Through id method find search- failed, reason: Unable to locate element: #search\-
For documentation on this error, please visit: http://seleniumhq.org/exceptions/no_such_element.html
Build info: version: '3.8.1', revision: '6e95a6684b', time: '2017-12-01T18:33:54.468Z'
System info: host: 'YECOLNEA186', ip: '10.66.57.53', os.name: 'Windows 7', os.arch: 'amd64', os.version: '6.1', java.version: '1.8.0_141'
Driver info: cnpp.Framework.WrappedRemoteWebDriver
Capabilities {acceptInsecureCerts: true, browserName: firefox, browserVersion: 58.0, javascriptEnabled: true, moz:accessibilityChecks: false, moz:headless: false, moz:processID: 26300, moz:profile: D:\Users\WenyiLU\AppData\Lo..., moz:webdriverClick: true, pageLoadStrategy: normal, platform: XP, platformName: XP, platformVersion: 6.1, rotatable: false, timeouts: {implicit: 0, pageLoad: 300000, script: 30000}}
Session ID: 7680716e-72dd-4748-9d02-3aabaa926246
*** Element info: {Using=id, value=search-}
2018-03-07 at 15:06:27 CST INFO  cnpp.Framework.DriverUtils - Driver service stopped
